# JRE version: Java(TM) SE Runtime Environment (8.0_241-b07) (build 1.8.0_241-b07)
# Java VM: Java HotSpot(TM) 64-Bit Server VM (25.241-b07 mixed mode windows-amd64 compressed oops)
Heap:
 PSYoungGen      total 70656K, used 3018K [0x00000000d6000000, 0x00000000daa00000, 0x0000000100000000)
  eden space 65536K, 4% used [0x00000000d6000000,0x00000000d62f2918,0x00000000da000000)
  from space 5120K, 0% used [0x00000000da500000,0x00000000da500000,0x00000000daa00000)
  to   space 5120K, 0% used [0x00000000da000000,0x00000000da000000,0x00000000da500000)
 ParOldGen       total 44544K, used 4922K [0x0000000082000000, 0x0000000084b80000, 0x00000000d6000000)
  object space 44544K, 11% used [0x0000000082000000,0x00000000824cea98,0x0000000084b80000)
 Metaspace       used 15932K, capacity 16390K, committed 16512K, reserved 1064960K
  class space    used 1992K, capacity 2096K, committed 2176K, reserved 1048576K
GC Heap History (6 events):
Event: 26.187 GC heap before
{Heap before GC invocations=1 (full 0):
 PSYoungGen      total 37888K, used 32768K [0x00000000d6000000, 0x00000000d8a00000, 0x0000000100000000)
  eden space 32768K, 100% used [0x00000000d6000000,0x00000000d8000000,0x00000000d8000000)
  from space 5120K, 0% used [0x00000000d8500000,0x00000000d8500000,0x00000000d8a00000)
  to   space 5120K, 0% used [0x00000000d8000000,0x00000000d8000000,0x00000000d8500000)
 ParOldGen       total 86016K, used 0K [0x0000000082000000, 0x0000000087400000, 0x00000000d6000000)
  object space 86016K, 0% used [0x0000000082000000,0x0000000082000000,0x0000000087400000)
 Metaspace       used 10275K, capacity 10492K, committed 10624K, reserved 1058816K
  class space    used 1215K, capacity 1304K, committed 1408K, reserved 1048576K
Event: 26.608 GC heap after
Heap after GC invocations=1 (full 0):
 PSYoungGen      total 37888K, used 4346K [0x00000000d6000000, 0x00000000daa00000, 0x0000000100000000)
  eden space 32768K, 0% used [0x00000000d6000000,0x00000000d6000000,0x00000000d8000000)
  from space 5120K, 84% used [0x00000000d8000000,0x00000000d843e938,0x00000000d8500000)
  to   space 5120K, 0% used [0x00000000da500000,0x00000000da500000,0x00000000daa00000)
 ParOldGen       total 86016K, used 16K [0x0000000082000000, 0x0000000087400000, 0x00000000d6000000)
  object space 86016K, 0% used [0x0000000082000000,0x0000000082004000,0x0000000087400000)
 Metaspace       used 10275K, capacity 10492K, committed 10624K, reserved 1058816K
  class space    used 1215K, capacity 1304K, committed 1408K, reserved 1048576K
}
Event: 27.863 GC heap before
{Heap before GC invocations=2 (full 0):
 PSYoungGen      total 37888K, used 37097K [0x00000000d6000000, 0x00000000daa00000, 0x0000000100000000)
  eden space 32768K, 99% used [0x00000000d6000000,0x00000000d7ffbe70,0x00000000d8000000)
  from space 5120K, 84% used [0x00000000d8000000,0x00000000d843e938,0x00000000d8500000)
  to   space 5120K, 0% used [0x00000000da500000,0x00000000da500000,0x00000000daa00000)
 ParOldGen       total 86016K, used 16K [0x0000000082000000, 0x0000000087400000, 0x00000000d6000000)
  object space 86016K, 0% used [0x0000000082000000,0x0000000082004000,0x0000000087400000)
 Metaspace       used 10616K, capacity 10846K, committed 11136K, reserved 1058816K
  class space    used 1250K, capacity 1337K, committed 1408K, reserved 1048576K
Event: 28.367 GC heap after
Heap after GC invocations=2 (full 0):
 PSYoungGen      total 70656K, used 5094K [0x00000000d6000000, 0x00000000daa00000, 0x0000000100000000)
  eden space 65536K, 0% used [0x00000000d6000000,0x00000000d6000000,0x00000000da000000)
  from space 5120K, 99% used [0x00000000da500000,0x00000000da9f9838,0x00000000daa00000)
  to   space 5120K, 0% used [0x00000000da000000,0x00000000da000000,0x00000000da500000)
 ParOldGen       total 86016K, used 1941K [0x0000000082000000, 0x0000000087400000, 0x00000000d6000000)
  object space 86016K, 2% used [0x0000000082000000,0x00000000821e5588,0x0000000087400000)
 Metaspace       used 10616K, capacity 10846K, committed 11136K, reserved 1058816K
  class space    used 1250K, capacity 1337K, committed 1408K, reserved 1048576K
}
Event: 48.650 GC heap before
{Heap before GC invocations=3 (full 0):
 PSYoungGen      total 70656K, used 70630K [0x00000000d6000000, 0x00000000daa00000, 0x0000000100000000)
  eden space 65536K, 100% used [0x00000000d6000000,0x00000000da000000,0x00000000da000000)
  from space 5120K, 99% used [0x00000000da500000,0x00000000da9f9838,0x00000000daa00000)
  to   space 5120K, 0% used [0x00000000da000000,0x00000000da000000,0x00000000da500000)
 ParOldGen       total 86016K, used 1941K [0x0000000082000000, 0x0000000087400000, 0x00000000d6000000)
  object space 86016K, 2% used [0x0000000082000000,0x00000000821e5588,0x0000000087400000)
 Metaspace       used 14374K, capacity 14778K, committed 14976K, reserved 1062912K
  class space    used 1726K, capacity 1876K, committed 1920K, reserved 1048576K
Event: 48.666 GC heap after
Heap after GC invocations=3 (full 0):
 PSYoungGen      total 70656K, used 5096K [0x00000000d6000000, 0x00000000daa00000, 0x0000000100000000)
  eden space 65536K, 0% used [0x00000000d6000000,0x00000000d6000000,0x00000000da000000)
  from space 5120K, 99% used [0x00000000da000000,0x00000000da4fa258,0x00000000da500000)
  to   space 5120K, 0% used [0x00000000da500000,0x00000000da500000,0x00000000daa00000)
 ParOldGen       total 86016K, used 4795K [0x0000000082000000, 0x0000000087400000, 0x00000000d6000000)
  object space 86016K, 5% used [0x0000000082000000,0x00000000824aec48,0x0000000087400000)
 Metaspace       used 14374K, capacity 14778K, committed 14976K, reserved 1062912K
  class space    used 1726K, capacity 1876K, committed 1920K, reserved 1048576K
}

